Arguments: 
  /usr/local/bin/node /usr/local/bin/yarn

PATH: 
  /Library/Frameworks/Python.framework/Versions/3.9/bin:/usr/local/bin:/usr/bin:/bin:/usr/sbin:/sbin

Yarn version: 
  1.22.19

Node version: 
  16.18.0

Platform: 
  darwin arm64

Trace: 
  Error: https://registry.npmjs.org/commander: tunneling socket could not be established, cause=connect ECONNREFUSED 127.0.0.1:10887
      at ClientRequest.onError (/usr/local/lib/node_modules/yarn/lib/cli.js:152376:17)
      at Object.onceWrapper (node:events:628:26)
      at ClientRequest.emit (node:events:513:28)
      at Socket.socketErrorListener (node:_http_client:494:9)
      at Socket.emit (node:events:513:28)
      at emitErrorNT (node:internal/streams/destroy:157:8)
      at emitErrorCloseNT (node:internal/streams/destroy:122:3)
      at processTicksAndRejections (node:internal/process/task_queues:83:21)

npm manifest: 
  {
    "name": "git-remote-dir",
    "version": "1.0.0",
    "description": "拉取git仓库子目录",
    "main": "dist/main.js",
    "bin": {
      "remote": "dist/index.js"
    },
    "scripts": {
      "dev": "tsc --watch",
      "build": "tsc",
      "prepublishOnly": "npm run build"
    },
    "typings": "types/index.d.ts",
    "keywords": [
      "脚手架"
    ],
    "files": [
      "dist",
      "package.json",
      "README.md"
    ],
    "dependencies": {
      "commander": "^10.0.0",
      "inquirer": "^8.2.5",
      "shelljs": "^0.8.5",
      "typescript": "^5.0.2"
    },
    "devDependencies": {
      "@types/node": "^18.15.10"
    },
    "author": "haijee",
    "license": "ISC"
  }

yarn manifest: 
  No manifest

Lockfile: 
  No lockfile
